<?xml version="1.0" encoding="UTF-8"?>
<!-- Generated by org.testng.reporters.JUnitReportReporter -->
<testsuite skipped="0" hostname="mahbub-VirtualBox" name="com.tt.TestRunner.TestRunner" tests="1" failures="0" timestamp="25 Dec 2018 00:19:49 GMT" time="31.492" errors="0">
  <testcase name="feature" time="31.492" classname="com.tt.TestRunner.TestRunner"/>
</testsuite> <!-- com.tt.TestRunner.TestRunner -->
